<?xml version="1.0" encoding="utf-8"?><testsuites name="pytest tests"><testsuite name="pytest" errors="0" failures="0" skipped="0" tests="12" time="8.187" timestamp="2026-07-30T19:35:38.575160+00:00" hostname="agent-env-47f5e41f-0fdf-48bf-ac80-4de41f994991"><testcase classname="backend.tests.test_meme_import_verification.TestPublicCount" name="test_total_public_memes_is_513" time="4.349" /><testcase classname="backend.tests.test_meme_import_verification.TestAnonymousVisibility" name="test_new_memes_visible_in_first_window" time="1.600" /><testcase classname="backend.tests.test_meme_import_verification.TestAnonymousVisibility" name="test_new_memes_are_public" time="0.000" /><testcase classname="backend.tests.test_meme_import_verification.TestThumbnailPresence" name="test_new_memes_have_thumbnail_base64" time="0.000" /><testcase classname="backend.tests.test_meme_import_verification.TestPerItemFetch" name="test_each_new_meme_full_fetch" time="0.539" /><testcase classname="backend.tests.test_meme_import_verification.TestIdempotency" name="test_dry_run_shows_no_new_inserts" time="0.983" /><testcase classname="backend.tests.test_meme_import_verification.TestContentHashPersisted" name="test_new_memes_have_content_hash" time="0.018" /><testcase classname="backend.tests.test_meme_import_verification.TestRegression" name="test_random_five_preexisting_memes_still_fetch" time="0.449" /><testcase classname="backend.tests.test_meme_import_verification.TestRegression" name="test_user_count_and_category_count_sane" time="0.001" /><testcase classname="backend.tests.test_meme_import_verification.TestCategories" name="test_category_count_and_uniqueness" time="0.001" /><testcase classname="backend.tests.test_meme_import_verification.TestCorruptFileSkipped" name="test_no_meme_from_corrupt_source" time="0.001" /><testcase classname="backend.tests.test_meme_import_verification.TestCorruptFileSkipped" name="test_no_meme_has_tiny_image_base64" time="0.145" /></testsuite></testsuites>