<?xml version="1.0" encoding="utf-8"?><testsuites name="pytest tests"><testsuite name="pytest" errors="0" failures="0" skipped="0" tests="11" time="6.707" timestamp="2026-07-24T14:30:57.025184+00:00" hostname="agent-env-47f5e41f-0fdf-48bf-ac80-4de41f994991"><testcase classname="backend.tests.test_gif_and_regression.TestAuthAndBasics" name="test_backend_up" time="0.351" /><testcase classname="backend.tests.test_gif_and_regression.TestAuthAndBasics" name="test_admin_login" time="0.442" /><testcase classname="backend.tests.test_gif_and_regression.TestMemeListGifContract" name="test_get_memes_returns_image_base64_only_for_gifs" time="1.009" /><testcase classname="backend.tests.test_gif_and_regression.TestMemeListGifContract" name="test_explore_memes_gif_contract" time="0.120" /><testcase classname="backend.tests.test_gif_and_regression.TestMemeListGifContract" name="test_user_memes_gif_contract" time="0.832" /><testcase classname="backend.tests.test_gif_and_regression.TestGifUploadAndReList" name="test_uploaded_gif_appears_in_memes_list_with_image_base64" time="1.556" /><testcase classname="backend.tests.test_gif_and_regression.TestGifUploadAndReList" name="test_uploaded_gif_appears_in_user_memes" time="0.807" /><testcase classname="backend.tests.test_gif_and_regression.TestGifUploadAndReList" name="test_single_meme_endpoint_returns_full_image" time="0.089" /><testcase classname="backend.tests.test_gif_and_regression.TestSingleMemeEndpoint" name="test_single_meme_for_first_available" time="0.576" /><testcase classname="backend.tests.test_gif_and_regression.TestReportsRegression" name="test_report_content_submit_and_admin_list" time="0.287" /><testcase classname="backend.tests.test_gif_and_regression.TestBlockRegression" name="test_block_and_unblock_and_profile_shows_is_blocked" time="0.601" /></testsuite></testsuites>