<?xml version="1.0" encoding="utf-8"?><testsuites name="pytest tests"><testsuite name="pytest" errors="0" failures="0" skipped="0" tests="16" time="1.110" timestamp="2026-07-30T18:52:30.833524+00:00" hostname="agent-env-47f5e41f-0fdf-48bf-ac80-4de41f994991"><testcase classname="backend.tests.test_eas_meta_config.TestEasJsonStructure" name="test_json_parses" time="0.000" /><testcase classname="backend.tests.test_eas_meta_config.TestEasJsonStructure" name="test_cli_unaltered" time="0.000" /><testcase classname="backend.tests.test_eas_meta_config.TestEasJsonStructure" name="test_production_env_has_both_keys" time="0.000" /><testcase classname="backend.tests.test_eas_meta_config.TestEasJsonStructure" name="test_preview_env_has_both_keys" time="0.000" /><testcase classname="backend.tests.test_eas_meta_config.TestEasJsonStructure" name="test_preview_and_production_tokens_match" time="0.000" /><testcase classname="backend.tests.test_eas_meta_config.TestEasJsonStructure" name="test_development_profile_has_no_meta_env" time="0.000" /><testcase classname="backend.tests.test_eas_meta_config.TestEasJsonStructure" name="test_development_profile_unaltered" time="0.000" /><testcase classname="backend.tests.test_eas_meta_config.TestEasJsonStructure" name="test_preview_profile_unaltered_non_env" time="0.000" /><testcase classname="backend.tests.test_eas_meta_config.TestEasJsonStructure" name="test_production_profile_unaltered_non_env" time="0.000" /><testcase classname="backend.tests.test_eas_meta_config.TestAppConfigSimulation" name="test_baseline_unset_env_produces_5_plugins" time="0.024" /><testcase classname="backend.tests.test_eas_meta_config.TestAppConfigSimulation" name="test_production_env_produces_6_plugins" time="0.024" /><testcase classname="backend.tests.test_eas_meta_config.TestAppConfigSimulation" name="test_preview_env_produces_6_plugins" time="0.025" /><testcase classname="backend.tests.test_eas_meta_config.TestAppConfigSimulation" name="test_meta_auto_activation_and_trial_attribution_requirements" time="0.024" /><testcase classname="backend.tests.test_eas_meta_config.TestRegression" name="test_metro_serves_200" time="0.302" /><testcase classname="backend.tests.test_eas_meta_config.TestRegression" name="test_backend_memes_endpoint" time="0.274" /><testcase classname="backend.tests.test_eas_meta_config.TestRegression" name="test_backend_auth_register" time="0.415" /></testsuite></testsuites>